<?xml version="1.0" encoding="UTF-8"?>
<testng-results ignored="0" total="1" passed="0" failed="1" skipped="0">
  <reporter-output>
  </reporter-output>
  <suite started-at="2022-10-06T12:18:21Z" name="Default suite" finished-at="2022-10-06T12:18:28Z" duration-ms="6641">
    <groups>
    </groups>
    <test started-at="2022-10-06T12:18:21Z" name="Default test" finished-at="2022-10-06T12:18:28Z" duration-ms="6641">
      <class name="ibankweb.ibankwebapp.Maleemployeeregister">
        <test-method signature="webapplogin(java.util.HashMap)[pri:0, instance:ibankweb.ibankwebapp.Maleemployeeregister@2034b64c]" started-at="2022-10-06T12:18:22Z" name="webapplogin" data-provider="getjsondata" finished-at="2022-10-06T12:18:28Z" duration-ms="6192" status="FAIL">
          <params>
            <param index="0">
              <value>
                <![CDATA[{takeHomeMay=45000, firstname=Chris, gender=1, mobile=9898001313, employerName=3i, SuccessMsg=Successful, employmentStatus=Active, pannumber=ANCPJ2121T, lastname=Anderson, password=akshay, PayFrequency= Last Day Of The Month, dob=01-01-1980, lastPayDate=30-09-2022, employerPhone=1234567890, card=1234, email=chris@gmail.com, chequeAmt=50000, username=akshay, nextPayDate=31-10-2022}]]>
              </value>
            </param>
          </params>
          <exception class="java.lang.NullPointerException">
            <message>
              <![CDATA[Cannot invoke "org.openqa.selenium.WebDriver.get(String)" because "this.driver" is null]]>
            </message>
            <full-stacktrace>
              <![CDATA[java.lang.NullPointerException: Cannot invoke "org.openqa.selenium.WebDriver.get(String)" because "this.driver" is null
at PageComponent.LandingPage.launchURL(LandingPage.java:45)
at ibankweb.ibankwebapp.Maleemployeeregister.webapplogin(Maleemployeeregister.java:43)
at java.base/jdk.internal.reflect.DirectMethodHandleAccessor.invoke(DirectMethodHandleAccessor.java:104)
at java.base/java.lang.reflect.Method.invoke(Method.java:577)
at org.testng.internal.MethodInvocationHelper.invokeMethod(MethodInvocationHelper.java:124)
at org.testng.internal.Invoker.invokeMethod(Invoker.java:583)
at org.testng.internal.Invoker.invokeTestMethod(Invoker.java:719)
at org.testng.internal.Invoker.invokeTestMethods(Invoker.java:989)
at org.testng.internal.TestMethodWorker.invokeTestMethods(TestMethodWorker.java:125)
at org.testng.internal.TestMethodWorker.run(TestMethodWorker.java:109)
at org.testng.TestRunner.privateRun(TestRunner.java:648)
at org.testng.TestRunner.run(TestRunner.java:505)
at org.testng.SuiteRunner.runTest(SuiteRunner.java:455)
at org.testng.SuiteRunner.runSequentially(SuiteRunner.java:450)
at org.testng.SuiteRunner.privateRun(SuiteRunner.java:415)
at org.testng.SuiteRunner.run(SuiteRunner.java:364)
at org.testng.SuiteRunnerWorker.runSuite(SuiteRunnerWorker.java:52)
at org.testng.SuiteRunnerWorker.run(SuiteRunnerWorker.java:84)
at org.testng.TestNG.runSuitesSequentially(TestNG.java:1208)
at org.testng.TestNG.runSuitesLocally(TestNG.java:1137)
at org.testng.TestNG.runSuites(TestNG.java:1049)
at org.testng.TestNG.run(TestNG.java:1017)
at org.testng.remote.AbstractRemoteTestNG.run(AbstractRemoteTestNG.java:115)
at org.testng.remote.RemoteTestNG.initAndRun(RemoteTestNG.java:251)
at org.testng.remote.RemoteTestNG.main(RemoteTestNG.java:77)
]]>
            </full-stacktrace>
          </exception> <!-- java.lang.NullPointerException -->
          <reporter-output>
          </reporter-output>
        </test-method> <!-- webapplogin -->
      </class> <!-- ibankweb.ibankwebapp.Maleemployeeregister -->
    </test> <!-- Default test -->
  </suite> <!-- Default suite -->
</testng-results>
