<?xml version="1.0" encoding="UTF-8"?>
<!-- Generated by org.testng.reporters.JUnitXMLReporter -->
<testsuite ignored="0" hostname="5BP0YC2WIN" failures="1" tests="1" name="Test" time="20.886" errors="0" timestamp="06 Oct 2022 11:34:06 GMT">
  <testcase classname="ibankweb.ibankwebapp.Maleemployeeregister" name="webapplogin" time="20.265">
    <failure type="java.lang.NullPointerException" message="Cannot invoke &amp;quot;AbstractComponent.CommonActions.waitTillCompleteAction(int)&amp;quot; because &amp;quot;this.commonactions&amp;quot; is null">
      <![CDATA[java.lang.NullPointerException: Cannot invoke "AbstractComponent.CommonActions.waitTillCompleteAction(int)" because "this.commonactions" is null
at PageComponent.LandingPage.landingPage(LandingPage.java:39)
at ibankweb.ibankwebapp.Maleemployeeregister.webapplogin(Maleemployeeregister.java:42)
... Removed 23 stack frames]]>
    </failure>
  </testcase> <!-- webapplogin -->
</testsuite> <!-- Test -->
